<?xml version="1.0" encoding="UTF-8"?>
<coverage generated="1738651519361" clover="3.2.0">
  <project timestamp="1738651519361" name="All files">
    <metrics statements="12" coveredstatements="12" conditionals="8" coveredconditionals="8" methods="1" coveredmethods="1" elements="21" coveredelements="21" complexity="0" loc="12" ncloc="12" packages="1" files="1" classes="1"/>
    <file name="factorialize.js" path="D:\workspace\repository\github\awesome-cookbook\javascript\errors-and-testing\factorialize.js">
      <metrics statements="12" coveredstatements="12" conditionals="8" coveredconditionals="8" methods="1" coveredmethods="1"/>
      <line num="1" count="1" type="stmt"/>
      <line num="2" count="4" type="cond" truecount="2" falsecount="0"/>
      <line num="3" count="1" type="stmt"/>
      <line num="4" count="3" type="cond" truecount="2" falsecount="0"/>
      <line num="5" count="1" type="stmt"/>
      <line num="7" count="2" type="cond" truecount="4" falsecount="0"/>
      <line num="8" count="1" type="stmt"/>
      <line num="10" count="1" type="stmt"/>
      <line num="11" count="1" type="stmt"/>
      <line num="12" count="7" type="stmt"/>
      <line num="13" count="7" type="stmt"/>
      <line num="15" count="1" type="stmt"/>
    </file>
  </project>
</coverage>
