{"D:\\workspace\\repository\\github\\awesome-cookbook\\javascript\\errors-and-testing\\factorialize.js": {"path":"D:\\workspace\\repository\\github\\awesome-cookbook\\javascript\\errors-and-testing\\factorialize.js","statementMap":{"0":{"start":{"line":1,"column":0},"end":{"line":18,"column":1}},"1":{"start":{"line":2,"column":2},"end":{"line":17,"column":3}},"2":{"start":{"line":3,"column":4},"end":{"line":3,"column":76}},"3":{"start":{"line":4,"column":9},"end":{"line":17,"column":3}},"4":{"start":{"line":5,"column":4},"end":{"line":5,"column":68}},"5":{"start":{"line":7,"column":4},"end":{"line":16,"column":5}},"6":{"start":{"line":8,"column":6},"end":{"line":8,"column":14}},"7":{"start":{"line":10,"column":19},"end":{"line":10,"column":25}},"8":{"start":{"line":11,"column":6},"end":{"line":14,"column":7}},"9":{"start":{"line":12,"column":8},"end":{"line":12,"column":16}},"10":{"start":{"line":13,"column":8},"end":{"line":13,"column":24}},"11":{"start":{"line":15,"column":6},"end":{"line":15,"column":19}}},"fnMap":{"0":{"name":"factorialize","decl":{"start":{"line":1,"column":26},"end":{"line":1,"column":38}},"loc":{"start":{"line":1,"column":47},"end":{"line":18,"column":1}},"line":1}},"branchMap":{"0":{"loc":{"start":{"line":2,"column":2},"end":{"line":17,"column":3}},"type":"if","locations":[{"start":{"line":2,"column":2},"end":{"line":17,"column":3}},{"start":{"line":4,"column":9},"end":{"line":17,"column":3}}],"line":2},"1":{"loc":{"start":{"line":4,"column":9},"end":{"line":17,"column":3}},"type":"if","locations":[{"start":{"line":4,"column":9},"end":{"line":17,"column":3}},{"start":{"line":6,"column":9},"end":{"line":17,"column":3}}],"line":4},"2":{"loc":{"start":{"line":7,"column":4},"end":{"line":16,"column":5}},"type":"if","locations":[{"start":{"line":7,"column":4},"end":{"line":16,"column":5}},{"start":{"line":9,"column":11},"end":{"line":16,"column":5}}],"line":7},"3":{"loc":{"start":{"line":7,"column":8},"end":{"line":7,"column":34}},"type":"binary-expr","locations":[{"start":{"line":7,"column":8},"end":{"line":7,"column":19}},{"start":{"line":7,"column":23},"end":{"line":7,"column":34}}],"line":7}},"s":{"0":1,"1":4,"2":1,"3":3,"4":1,"5":2,"6":1,"7":1,"8":1,"9":7,"10":7,"11":1},"f":{"0":4},"b":{"0":[1,3],"1":[1,2],"2":[1,1],"3":[2,1]},"_coverageSchema":"1a1c01bbd47fc00a2c39e90264f33305004495a9","hash":"b7486bd302ec9571af5579d1b3c73080d0157573"}
}
